2019-06-26 10:42:53,136 [main] INFO  A4 - jsonaStringA4={"area":"广东深圳","datetime":"2019-06-26 10:42:53","orderNo":"0115556331","province":"广东省","phone":"13510181600","price":10,"isp":"1","notifyUrl":"http://121.201.119.75:8080/mobilepay/common/a4"}
2019-06-26 10:42:53,367 [main] INFO  A4 - A4_AESOperator_加密=jme8tacr7iURWqmG1rQyfW326pwDG0fqIZl0Aysx9pTeape3zkONyLehkx/qGEu/jvbJT7W2cRvt
qxcS2orOFohZRfKpiWClEdHsAMNHHyRPyUlVy2Hxoe4uQYCTz8Y9ZgonCcUlNiZuF7yshFzr87IT
oOfqkQyyIHY6x+1ysh+GUgdXQi/DcF8Azo3EJHLl9ra6OnZPg+nTDmV04muSDzHyhzBd9YqbdEVu
7VHwydhpPCjt9iXKGPP7GLJNjjJohr/L1LJlzeIiLclSFrmmEA==
2019-06-26 10:42:53,367 [main] INFO  A4 - A4 post发送的数据={"sign":"jme8tacr7iURWqmG1rQyfW326pwDG0fqIZl0Aysx9pTeape3zkONyLehkx%2FqGEu%2FjvbJT7W2cRvt%0D%0AqxcS2orOFohZRfKpiWClEdHsAMNHHyRPyUlVy2Hxoe4uQYCTz8Y9ZgonCcUlNiZuF7yshFzr87IT%0D%0AoOfqkQyyIHY6x%2B1ysh%2BGUgdXQi%2FDcF8Azo3EJHLl9ra6OnZPg%2BnTDmV04muSDzHyhzBd9YqbdEVu%0D%0A7VHwydhpPCjt9iXKGPP7GLJNjjJohr%2FL1LJlzeIiLclSFrmmEA%3D%3D","merId":"156075319454001"}
2019-06-26 10:43:19,177 [main] INFO  A4 - jsonaStringA4={"area":"广东深圳","datetime":"2019-06-26 10:43:19","orderNo":"0115556300","province":"广东省","phone":"13510181600","price":10,"isp":"1","notifyUrl":"http://121.201.119.75:8080/mobilepay/common/a4"}
2019-06-26 10:43:19,401 [main] INFO  A4 - A4_AESOperator_加密=jme8tacr7iURWqmG1rQyfW326pwDG0fqIZl0Aysx9pTeape3zkONyLehkx/qGEu/IHNfFOIslaFt
6m1nxkXgO0VJm1CEMiMFvBXPdBPJtfg0QxDCGkBzG3dFjdA1O411vemL8MJ+YS2lVzxwZ3j8+hqI
Mluqr/6rJUbsCMrsYb4rGavx+dK3Tvj5+8fYTp49g2G9+OtY021ogNRkZXn/zUOsFM+yWvp1SzqW
5vd+KhtoY+P1SM0bFF7EVqOZhojv788MquifbNLJiLyvK+0YeQ==
2019-06-26 10:43:19,401 [main] INFO  A4 - A4 post发送的数据={"sign":"jme8tacr7iURWqmG1rQyfW326pwDG0fqIZl0Aysx9pTeape3zkONyLehkx%2FqGEu%2FIHNfFOIslaFt%0D%0A6m1nxkXgO0VJm1CEMiMFvBXPdBPJtfg0QxDCGkBzG3dFjdA1O411vemL8MJ%2BYS2lVzxwZ3j8%2BhqI%0D%0AMluqr%2F6rJUbsCMrsYb4rGavx%2BdK3Tvj5%2B8fYTp49g2G9%2BOtY021ogNRkZXn%2FzUOsFM%2ByWvp1SzqW%0D%0A5vd%2BKhtoY%2BP1SM0bFF7EVqOZhojv788MquifbNLJiLyvK%2B0YeQ%3D%3D","merId":"156075319454001"}
2019-06-26 11:28:59,066 [main] INFO  A4 - jsonaStringA4={"area":"广东深圳","datetime":"2019-06-26 11:28:59","orderNo":"01155563001","province":"广东省","phone":"13510181600","price":10,"isp":"1","notifyUrl":"http://121.201.119.75:8080/mobilepay/common/a4"}
2019-06-26 11:28:59,286 [main] INFO  A4 - A4_AESOperator_加密=jme8tacr7iURWqmG1rQyfW326pwDG0fqIZl0Aysx9pRdPIiJdagmB8kWGicSk//W5+mwH+Nsl1Qu
pyS4uD5xINLdxhMG5EOJVRfgcNGU0WqmwsYGUiQSjCI99hNufwQbqZ77qiMfR6e09VhBygYYTyjj
5Sh0YExTHG8ffAr6RoHyiGDx985y4r6z6CP56hviA2LPowKnhcCoPJyHO5ZgoSILm/4Q9w9N2h8u
mUbUpZfeBOr5oRibDFaE1baQh9AQHjv1LH3FFaKegU2Nj8IP6w==
2019-06-26 11:28:59,286 [main] INFO  A4 - A4 post发送的数据={"sign":"jme8tacr7iURWqmG1rQyfW326pwDG0fqIZl0Aysx9pRdPIiJdagmB8kWGicSk%2F%2FW5%2BmwH%2BNsl1Qu%0D%0ApyS4uD5xINLdxhMG5EOJVRfgcNGU0WqmwsYGUiQSjCI99hNufwQbqZ77qiMfR6e09VhBygYYTyjj%0D%0A5Sh0YExTHG8ffAr6RoHyiGDx985y4r6z6CP56hviA2LPowKnhcCoPJyHO5ZgoSILm%2F4Q9w9N2h8u%0D%0AmUbUpZfeBOr5oRibDFaE1baQh9AQHjv1LH3FFaKegU2Nj8IP6w%3D%3D","merId":"156075319454001"}
2019-06-26 11:38:00,610 [main] INFO  A4 - jsonaStringA4={"area":"广东深圳","datetime":"2019-06-26 11:38:00","orderNo":"01155563001","province":"广东省","phone":"13510181600","price":10,"isp":"1","notifyUrl":"http://121.201.119.75:8080/mobilepay/common/a4"}
2019-06-26 11:38:00,837 [main] INFO  A4 - A4_AESOperator_加密=jme8tacr7iURWqmG1rQyfW326pwDG0fqIZl0Aysx9pRdPIiJdagmB8kWGicSk//WdNcHDLJQS/AW
50p+WVzmbigsTh84LcOQG+1hsS2IyQ6cKKRJLaEKB+CFfZGgq0K2pIdhqeo4OonxPR8YJngGPFKR
UKYog+S7TCWk9a993U8fKLmpPR8dwpoTTBabuJ3B4tq0qtM/SRWGyWQPtBUtkbDrG6XGqSX3SyYy
s65Sd6eVRyX20RUV4OOKHhYn2wPYNSZsM7IJ6vA9zkP8YWg1kQ==
2019-06-26 11:38:00,837 [main] INFO  A4 - A4 post发送的数据={"sign":"jme8tacr7iURWqmG1rQyfW326pwDG0fqIZl0Aysx9pRdPIiJdagmB8kWGicSk%2F%2FWdNcHDLJQS%2FAW%0D%0A50p%2BWVzmbigsTh84LcOQG%2B1hsS2IyQ6cKKRJLaEKB%2BCFfZGgq0K2pIdhqeo4OonxPR8YJngGPFKR%0D%0AUKYog%2BS7TCWk9a993U8fKLmpPR8dwpoTTBabuJ3B4tq0qtM%2FSRWGyWQPtBUtkbDrG6XGqSX3SyYy%0D%0As65Sd6eVRyX20RUV4OOKHhYn2wPYNSZsM7IJ6vA9zkP8YWg1kQ%3D%3D","merId":"156075319454001"}
2019-06-26 11:41:07,656 [main] INFO  A4 - jsonaStringA4={"area":"广东深圳","datetime":"2019-06-26 11:41:07","orderNo":"011555630011","province":"广东省","phone":"13510181600","price":10,"isp":"1","notifyUrl":"http://121.201.119.75:8080/mobilepay/common/a4"}
2019-06-26 11:41:07,896 [main] INFO  A4 - A4_AESOperator_加密=jme8tacr7iURWqmG1rQyfW326pwDG0fqIZl0Aysx9pRdPIiJdagmB8kWGicSk//W+jVw3OqNEGIf
NJOuzA60wikSsQvHcaf92gSuPveZnNxrVxSUU8YPcrDZDtzRznUmnlnjdIkY7sgC+1I1+EH4S6Uy
pU09gQTewmo9zQqP8HmDwBXHTDMu6RJ53v9T2TxOFafvP5Os6WFD4oipOgZOqPl2RHgUrfCrLxbZ
OvghOvgPe+aa5IEzve48OmSyZlChdjbLvQgHvEAkmpeYoaKF21UhPjj9GKUei9jIPdzBnnc=
2019-06-26 11:41:07,896 [main] INFO  A4 - A4 post发送的数据={"sign":"jme8tacr7iURWqmG1rQyfW326pwDG0fqIZl0Aysx9pRdPIiJdagmB8kWGicSk%2F%2FW%2BjVw3OqNEGIf%0D%0ANJOuzA60wikSsQvHcaf92gSuPveZnNxrVxSUU8YPcrDZDtzRznUmnlnjdIkY7sgC%2B1I1%2BEH4S6Uy%0D%0ApU09gQTewmo9zQqP8HmDwBXHTDMu6RJ53v9T2TxOFafvP5Os6WFD4oipOgZOqPl2RHgUrfCrLxbZ%0D%0AOvghOvgPe%2Baa5IEzve48OmSyZlChdjbLvQgHvEAkmpeYoaKF21UhPjj9GKUei9jIPdzBnnc%3D","merId":"156073891297301"}
2019-06-26 11:44:45,699 [main] INFO  A4 - jsonaStringA4={"area":"广东深圳","datetime":"2019-06-26 11:44:45","orderNo":"0115556300111","province":"广东省","phone":"13510181600","price":"10","isp":"1","notifyUrl":"http://121.201.119.75:8080/mobilepay/common/a4"}
2019-06-26 11:44:45,952 [main] INFO  A4 - A4_AESOperator_加密=jme8tacr7iURWqmG1rQyfW326pwDG0fqIZl0Aysx9pRdPIiJdagmB8kWGicSk//WR50VU6hnQP+1
qBvUJX8AzbK1geAymeGS9YHUvsFacsWfZmK4PCwtioqc9oZcX40mP6nC/ihmcrwZsRnoAKnXxxbj
8BDyC7lBeKQzNBA/y1jF21pPWMIgvgds47YfJI4y4lwMcqmOuvIW9ria1AFu+KyqekxDNXRxVFSZ
LvycrEoW0Xa+LT28m4cwOlKZbqWxXDGDP0/F7r0S9ha9bnDhajaiOMv648tOgNuoKKZWHQw=
2019-06-26 11:44:45,953 [main] INFO  A4 - A4 post发送的数据={"sign":"jme8tacr7iURWqmG1rQyfW326pwDG0fqIZl0Aysx9pRdPIiJdagmB8kWGicSk%2F%2FWR50VU6hnQP%2B1%0D%0AqBvUJX8AzbK1geAymeGS9YHUvsFacsWfZmK4PCwtioqc9oZcX40mP6nC%2FihmcrwZsRnoAKnXxxbj%0D%0A8BDyC7lBeKQzNBA%2Fy1jF21pPWMIgvgds47YfJI4y4lwMcqmOuvIW9ria1AFu%2BKyqekxDNXRxVFSZ%0D%0ALvycrEoW0Xa%2BLT28m4cwOlKZbqWxXDGDP0%2FF7r0S9ha9bnDhajaiOMv648tOgNuoKKZWHQw%3D","merId":"156073891297301"}
2019-06-26 14:12:50,648 [main] INFO  A4 - jsonaStringA4={"area":"广东深圳","datetime":"2019-06-26 14:12:50","orderNo":"0115556300111","province":"广东省","phone":"18665954447","price":"10","isp":"2","notifyUrl":"http://121.201.119.75:8080/mobilepay/common/a4"}
2019-06-26 14:12:50,895 [main] INFO  A4 - A4_AESOperator_加密=jme8tacr7iURWqmG1rQyfW326pwDG0fqIZl0Aysx9pRKgnYf6kIw2NfdrAIQKoaw2jBnSjXErwwu
XiF/xZ27hmZslFwMMioAP35KCtFPpUdSTVkSL333o7fd15bIYxZIbfUmFgTQLbEKYJagzlAaX1dj
wKF2i+z91ll8QYKwacfiwHHKU490xHpK1h8zwYzUW4fO9M2jq19NdxIKr4d35lWToyvV3VNZmPCO
GyjxyiWleDexLGlP3GGZa5lXPLmlXlRJquPAbCHhNNQfvXtdVLGNUEDpiaV6gQ1Pq65WUWQ=
2019-06-26 14:12:50,895 [main] INFO  A4 - A4 post发送的数据={"sign":"jme8tacr7iURWqmG1rQyfW326pwDG0fqIZl0Aysx9pRKgnYf6kIw2NfdrAIQKoaw2jBnSjXErwwu%0D%0AXiF%2FxZ27hmZslFwMMioAP35KCtFPpUdSTVkSL333o7fd15bIYxZIbfUmFgTQLbEKYJagzlAaX1dj%0D%0AwKF2i%2Bz91ll8QYKwacfiwHHKU490xHpK1h8zwYzUW4fO9M2jq19NdxIKr4d35lWToyvV3VNZmPCO%0D%0AGyjxyiWleDexLGlP3GGZa5lXPLmlXlRJquPAbCHhNNQfvXtdVLGNUEDpiaV6gQ1Pq65WUWQ%3D","merId":"156073891297301"}
2019-06-26 14:13:05,872 [main] INFO  A4 - jsonaStringA4={"area":"广东深圳","datetime":"2019-06-26 14:13:05","orderNo":"0115556300112","province":"广东省","phone":"18665954447","price":"10","isp":"2","notifyUrl":"http://121.201.119.75:8080/mobilepay/common/a4"}
2019-06-26 14:13:06,114 [main] INFO  A4 - A4_AESOperator_加密=jme8tacr7iURWqmG1rQyfW326pwDG0fqIZl0Aysx9pRKgnYf6kIw2NfdrAIQKoawdis1dg6aenX4
0uxwg0VTjafsYVsMDuiuZvUdigckCCf4Od6O1mLMi6CBWy5j8XU3FbYVQCwVD0IYra3FvQugtHAQ
f3WGcMMmlD1M6cYeJiaj/xvqECqyzDzMCvWrxP6i3hXZDsGFWFdiHnyx8XTALLs42uxvz3dQTWBt
yIln32XP1cGJzPOW3xt0aYv9Y8fJinMJ4w3WnoII/Ex8MmvEJRgOAQvqrPpCHTEbgVnwqlE=
2019-06-26 14:13:06,114 [main] INFO  A4 - A4 post发送的数据={"sign":"jme8tacr7iURWqmG1rQyfW326pwDG0fqIZl0Aysx9pRKgnYf6kIw2NfdrAIQKoawdis1dg6aenX4%0D%0A0uxwg0VTjafsYVsMDuiuZvUdigckCCf4Od6O1mLMi6CBWy5j8XU3FbYVQCwVD0IYra3FvQugtHAQ%0D%0Af3WGcMMmlD1M6cYeJiaj%2FxvqECqyzDzMCvWrxP6i3hXZDsGFWFdiHnyx8XTALLs42uxvz3dQTWBt%0D%0AyIln32XP1cGJzPOW3xt0aYv9Y8fJinMJ4w3WnoII%2FEx8MmvEJRgOAQvqrPpCHTEbgVnwqlE%3D","merId":"156073891297301"}
2019-06-26 14:14:31,807 [main] INFO  A4 - jsonaStringA4={"area":"广东深圳","datetime":"2019-06-26 14:14:31","orderNo":"0115556300445","province":"广东省","phone":"18665954447","price":"10","isp":"2","notifyUrl":"http://121.201.119.75:8080/mobilepay/common/a4"}
2019-06-26 14:14:32,047 [main] INFO  A4 - A4_AESOperator_加密=jme8tacr7iURWqmG1rQyfW326pwDG0fqIZl0Aysx9pRKgnYf6kIw2NfdrAIQKoawkz9JZal6NNge
W+KHevKpEtc4N4/P2vJLSUBijiFsSAZg4Z1Zi9i8dxMj4rF3XEZpw13flQik0hyuJwvvI+KahWRO
tmqcUZ1gLz9ZbWWF3sGhDfQMyHpkplUHDX1gqwtb8Xr1HPtSnxCR4qIaoIp1u74Z5ARz4LgfPK88
PLu+Wc3U0P30TcjReazG0K2ib+CwnYPZjpG6HJcZUg7xPUVXfEVq/hc7hO92EzgaRkJ+mFM=
2019-06-26 14:14:32,048 [main] INFO  A4 - A4 post发送的数据={"sign":"jme8tacr7iURWqmG1rQyfW326pwDG0fqIZl0Aysx9pRKgnYf6kIw2NfdrAIQKoawkz9JZal6NNge%0D%0AW%2BKHevKpEtc4N4%2FP2vJLSUBijiFsSAZg4Z1Zi9i8dxMj4rF3XEZpw13flQik0hyuJwvvI%2BKahWRO%0D%0AtmqcUZ1gLz9ZbWWF3sGhDfQMyHpkplUHDX1gqwtb8Xr1HPtSnxCR4qIaoIp1u74Z5ARz4LgfPK88%0D%0APLu%2BWc3U0P30TcjReazG0K2ib%2BCwnYPZjpG6HJcZUg7xPUVXfEVq%2Fhc7hO92EzgaRkJ%2BmFM%3D","merId":"156073891297301"}
2019-06-26 14:16:28,430 [main] INFO  A4 - jsonaStringA4={"area":"广东深圳","datetime":"2019-06-26 14:16:28","orderNo":"0115556300446","province":"广东省","phone":"18665954447","price":"10","isp":"2","notifyUrl":"http://121.201.119.75:8080/mobilepay/common/a4"}
2019-06-26 14:16:28,683 [main] INFO  A4 - A4_AESOperator_加密=jme8tacr7iURWqmG1rQyfW326pwDG0fqIZl0Aysx9pRKgnYf6kIw2NfdrAIQKoawdYExbIbwZkKh
ffTeIbo2OdEkwIUJJUEicclp0CAS8FwcoBJ+5fGvwGu2FUbljExWW7250LhxlWxGLc53npGF8Sda
xg1W2AEYPyd5X3nYmLjZj7pqa6T5jsrmJOjsqfcGxsxSzmXYewBYeHojKp/RebUGZZSN0wjKeUWn
s8lVhiOiaRIq7aIxEcWQ9cmoZknJ8cEgOFRToBGM59tQLjPACLlaeNWv5RvMD/iZvVT8RVo=
2019-06-26 14:16:28,683 [main] INFO  A4 - A4 post发送的数据={"sign":"jme8tacr7iURWqmG1rQyfW326pwDG0fqIZl0Aysx9pRKgnYf6kIw2NfdrAIQKoawdYExbIbwZkKh%0D%0AffTeIbo2OdEkwIUJJUEicclp0CAS8FwcoBJ%2B5fGvwGu2FUbljExWW7250LhxlWxGLc53npGF8Sda%0D%0Axg1W2AEYPyd5X3nYmLjZj7pqa6T5jsrmJOjsqfcGxsxSzmXYewBYeHojKp%2FRebUGZZSN0wjKeUWn%0D%0As8lVhiOiaRIq7aIxEcWQ9cmoZknJ8cEgOFRToBGM59tQLjPACLlaeNWv5RvMD%2FiZvVT8RVo%3D","merId":"156073891297301"}
2019-06-26 14:17:32,495 [main] INFO  A4 - jsonaStringA4={"area":"广东深圳","datetime":"2019-06-26 14:17:32","orderNo":"0115556300449","province":"广东省","phone":"17722493927","price":"10","isp":"3","notifyUrl":"http://121.201.119.75:8080/mobilepay/common/a4"}
2019-06-26 14:17:32,756 [main] INFO  A4 - A4_AESOperator_加密=jme8tacr7iURWqmG1rQyfW326pwDG0fqIZl0Aysx9pRKgnYf6kIw2NfdrAIQKoawiZeOg9W2AYI/
JdD/GPrvjrzo7KgIV6jvQ6RQCykUP9KrCQHvEoErjZ9eHRVU6GVAkvqfmORPsfps3HYhYyO9SWuq
k99wm6rvhlzHFIfIgMuoePmIKeMd/lmsxngiaf6htMpCGfOTi8F+XLugFQymngfI4SdtFfutWM5w
2HfjBpwDyasITHQbLGdVa3u8IlEt1l/HCAEIGnqtEJUDyyYiNltntz5BnaHcNRR+/ukmme8=
2019-06-26 14:17:32,756 [main] INFO  A4 - A4 post发送的数据={"sign":"jme8tacr7iURWqmG1rQyfW326pwDG0fqIZl0Aysx9pRKgnYf6kIw2NfdrAIQKoawiZeOg9W2AYI%2F%0D%0AJdD%2FGPrvjrzo7KgIV6jvQ6RQCykUP9KrCQHvEoErjZ9eHRVU6GVAkvqfmORPsfps3HYhYyO9SWuq%0D%0Ak99wm6rvhlzHFIfIgMuoePmIKeMd%2Flmsxngiaf6htMpCGfOTi8F%2BXLugFQymngfI4SdtFfutWM5w%0D%0A2HfjBpwDyasITHQbLGdVa3u8IlEt1l%2FHCAEIGnqtEJUDyyYiNltntz5BnaHcNRR%2B%2Fukmme8%3D","merId":"156073891297301"}
2019-06-26 14:20:33,041 [main] INFO  A4 - jsonaStringA4={"area":"广东深圳","datetime":"2019-06-26 14:20:33","orderNo":"0115556300450","province":"广东省","phone":"18665954447","price":"10","isp":"2","notifyUrl":"http://121.201.119.75:8080/mobilepay/common/a4"}
2019-06-26 14:20:33,289 [main] INFO  A4 - A4_AESOperator_加密=jme8tacr7iURWqmG1rQyfW326pwDG0fqIZl0Aysx9pRKgnYf6kIw2NfdrAIQKoawezPw/+2rkLef
HKEFl/uCLssib7Fk99PpKUHX5XW+iYwX1mmgsCsPZqywVk9wzYy3Vxe+4mEaynZh7fwDglePnUQJ
LDP5UJdEVrMfgfqLJGFuk53YWRPKl57her7H02M5TiNFYcLvOPWeqqy09rZHSZy+5YTepaot9a9B
eR7Tg9CWR0d5PFv8eZ+3OJoWC0gaTvOkn1CpoORdSozHAtZtqniELfH51KV5UkV7oLluCw4=
2019-06-26 14:20:33,290 [main] INFO  A4 - A4 post发送的数据={"sign":"jme8tacr7iURWqmG1rQyfW326pwDG0fqIZl0Aysx9pRKgnYf6kIw2NfdrAIQKoawezPw%2F%2B2rkLef%0D%0AHKEFl%2FuCLssib7Fk99PpKUHX5XW%2BiYwX1mmgsCsPZqywVk9wzYy3Vxe%2B4mEaynZh7fwDglePnUQJ%0D%0ALDP5UJdEVrMfgfqLJGFuk53YWRPKl57her7H02M5TiNFYcLvOPWeqqy09rZHSZy%2B5YTepaot9a9B%0D%0AeR7Tg9CWR0d5PFv8eZ%2B3OJoWC0gaTvOkn1CpoORdSozHAtZtqniELfH51KV5UkV7oLluCw4%3D","merId":"156073891297301"}
2019-06-26 14:20:53,080 [main] INFO  A4 - jsonaStringA4={"area":"广东深圳","datetime":"2019-06-26 14:20:53","orderNo":"0225556300450","province":"广东省","phone":"18665954447","price":"10","isp":"2","notifyUrl":"http://121.201.119.75:8080/mobilepay/common/a4"}
2019-06-26 14:20:53,317 [main] INFO  A4 - A4_AESOperator_加密=jme8tacr7iURWqmG1rQyfW326pwDG0fqIZl0Aysx9pRKgnYf6kIw2NfdrAIQKoaw1woKtOoELyuw
Z8PmjgVk3X4oNqytGoU3uNLzrCyL4otFWKJ0EBSrx2WNueRu4qkEOuGJ1jA2AG367fzzUWYc96Ih
XZVnM44D/lS8PX7QAdirik755AuymPgBkp1Yi28Y6JEr1e6EQQ4kcbZFScn033OgCdo8XTFcrICN
+MVruHTkgDX4QYXMvwt4JHEPRgCZcULufzh5rkqamMugkrlTEl2VvyII5zkxS3GzjTfihHU=
2019-06-26 14:20:53,317 [main] INFO  A4 - A4 post发送的数据={"sign":"jme8tacr7iURWqmG1rQyfW326pwDG0fqIZl0Aysx9pRKgnYf6kIw2NfdrAIQKoaw1woKtOoELyuw%0D%0AZ8PmjgVk3X4oNqytGoU3uNLzrCyL4otFWKJ0EBSrx2WNueRu4qkEOuGJ1jA2AG367fzzUWYc96Ih%0D%0AXZVnM44D%2FlS8PX7QAdirik755AuymPgBkp1Yi28Y6JEr1e6EQQ4kcbZFScn033OgCdo8XTFcrICN%0D%0A%2BMVruHTkgDX4QYXMvwt4JHEPRgCZcULufzh5rkqamMugkrlTEl2VvyII5zkxS3GzjTfihHU%3D","merId":"156073891297301"}
2019-06-26 16:21:57,396 [main] INFO  A4 - jsonaStringA4={"area":"广东深圳","datetime":"2019-06-26 16:21:57","orderNo":"0225556300451","province":"广东省","phone":"18665954447","price":"10","isp":"2","notifyUrl":"http://121.201.119.75:8080/mobilepay/common/a4"}
2019-06-26 16:21:57,637 [main] INFO  A4 - A4_AESOperator_加密=jme8tacr7iURWqmG1rQyfW326pwDG0fqIZl0Aysx9pQR/QJbudF+38+UVOKkz8uTdDF+TGLB69Td
dOn80ysthG9Zwwn4kZxNX5C9FEjo535Na3QhocNO/ifTT31ENcO6Ckb19d/KC+PLqg3rGwIhYh9X
DnxFac3ukuzweUmOz0EcQ8qAbN+trjnUEncXm55IVnczTZeQ+HGqdfPyiCuuUXlVsVU9RiJaqvBJ
UXzyaDmW+w5yh+lf7eXBgmsQPxYEGZl8y0KIcZTVGF96KRMwiNj7yAcpcFURj3OEtoU3xFQ=
2019-06-26 16:21:57,638 [main] INFO  A4 - A4 post发送的数据={"sign":"jme8tacr7iURWqmG1rQyfW326pwDG0fqIZl0Aysx9pQR%2FQJbudF%2B38%2BUVOKkz8uTdDF%2BTGLB69Td%0D%0AdOn80ysthG9Zwwn4kZxNX5C9FEjo535Na3QhocNO%2FifTT31ENcO6Ckb19d%2FKC%2BPLqg3rGwIhYh9X%0D%0ADnxFac3ukuzweUmOz0EcQ8qAbN%2BtrjnUEncXm55IVnczTZeQ%2BHGqdfPyiCuuUXlVsVU9RiJaqvBJ%0D%0AUXzyaDmW%2Bw5yh%2Blf7eXBgmsQPxYEGZl8y0KIcZTVGF96KRMwiNj7yAcpcFURj3OEtoU3xFQ%3D","merId":"156073891297301"}
2019-06-26 16:27:28,835 [main] INFO  A4 - jsonaStringA4={"area":"广东深圳","datetime":"2019-06-26 16:27:28","orderNo":"0225556300453","province":"广东省","phone":"18665954447","price":"10","isp":"2","notifyUrl":"http://121.201.119.75:8080/mobilepay/common/a4"}
2019-06-26 16:27:29,086 [main] INFO  A4 - A4_AESOperator_加密=jme8tacr7iURWqmG1rQyfW326pwDG0fqIZl0Aysx9pQR/QJbudF+38+UVOKkz8uTgP787sMnLgkv
mTNbldzoPwcco5QO9X+ohVwv+Ponj6BilRWYmT57r7ZDtQrDEyE8bboZe/A6TSwgxFpnN7emkSfF
JU9JsrmFovR8xNAMwCmUFBOn8L7QOxf/XGxjyKLD0IG/f6QnR9AtPCPQtNHz58iog7MK12X5oPCT
e7YnZWcdxfvzbD4Q2MvKQj3Atz176wrIDxBgxkaK360ekARxBdM+9CxnrkYC6QriDjaQVpg=
2019-06-26 16:27:29,086 [main] INFO  A4 - A4 post发送的数据={"sign":"jme8tacr7iURWqmG1rQyfW326pwDG0fqIZl0Aysx9pQR%2FQJbudF%2B38%2BUVOKkz8uTgP787sMnLgkv%0D%0AmTNbldzoPwcco5QO9X%2BohVwv%2BPonj6BilRWYmT57r7ZDtQrDEyE8bboZe%2FA6TSwgxFpnN7emkSfF%0D%0AJU9JsrmFovR8xNAMwCmUFBOn8L7QOxf%2FXGxjyKLD0IG%2Ff6QnR9AtPCPQtNHz58iog7MK12X5oPCT%0D%0Ae7YnZWcdxfvzbD4Q2MvKQj3Atz176wrIDxBgxkaK360ekARxBdM%2B9CxnrkYC6QriDjaQVpg%3D","merId":"156073891297301"}
