2019-06-27 10:36:41,579 [main] INFO  A4 - jsonaStringA4={"area":"广东深圳","datetime":"2019-06-27 10:36:41","orderNo":"025556300459","province":"广东省","phone":"18665954447","price":"10","isp":"2","notifyUrl":"http://121.201.119.75:8080/mobilepay/common/a4"}
2019-06-27 10:36:41,895 [main] INFO  A4 - A4_AESOperator_加密=jme8tacr7iURWqmG1rQyfW326pwDG0fqIZl0Aysx9pS+voXjCqsJe6n42I6JIrWOljWyjkBxSXMI
ZJwY8XEETX3W//txjp1vOlP4r1Y8SnOPGW0X0q0mmTiR06+2epWa/GWWKTjNr17UQj1M3J8cCT8u
KcKO4/06ytRg832B6Q9Z85kWdLY9VIu8eVEjc3eBLEguRUhDyepw97XeoVx5DK9IDfn5s98UBCsQ
ZiIDxeuGovXXsRo/wnJL5ShRKDoKci+R96pIQdZFrUiRjDKRlI+dDaGSOprANWOE3vrzlqQ=
2019-06-27 10:36:41,895 [main] INFO  A4 - A4 post发送的数据={"sign":"jme8tacr7iURWqmG1rQyfW326pwDG0fqIZl0Aysx9pS%2BvoXjCqsJe6n42I6JIrWOljWyjkBxSXMI%0D%0AZJwY8XEETX3W%2F%2Ftxjp1vOlP4r1Y8SnOPGW0X0q0mmTiR06%2B2epWa%2FGWWKTjNr17UQj1M3J8cCT8u%0D%0AKcKO4%2F06ytRg832B6Q9Z85kWdLY9VIu8eVEjc3eBLEguRUhDyepw97XeoVx5DK9IDfn5s98UBCsQ%0D%0AZiIDxeuGovXXsRo%2FwnJL5ShRKDoKci%2BR96pIQdZFrUiRjDKRlI%2BdDaGSOprANWOE3vrzlqQ%3D","merId":"156073891297301"}
2019-06-27 10:46:19,038 [main] INFO  A4 - jsonaStringA4={"area":"广东深圳","datetime":"2019-06-27 10:46:19","orderNo":"025556300460","province":"广东省","phone":"18665954447","price":"10","isp":"2","notifyUrl":"http://121.201.119.75:8080/mobilepay/common/a4"}
2019-06-27 10:46:19,256 [main] INFO  A4 - A4_AESOperator_加密=jme8tacr7iURWqmG1rQyfW326pwDG0fqIZl0Aysx9pS+voXjCqsJe6n42I6JIrWOKJZkzfCmEJwC
3WxMQjJ7MJoUBKZKb1Q4L97uZdXseVyLivxA5YMaqvqjUbj00MwXupU+zt+unTcljA2bBM1qNIs4
geDniAKOTVdei/YECqfX6rEUkj36Rew05al3sZh0lJKjiNf4/vYLUU5BjMQKL6vqj8xYcgM1QY+o
OUeFJay2pm01dmg0PU99MbDmd/ukgsfU9vYGRSm9p4xBsS/jFOr0ApoHcz1+rxMdkP6ToK4=
2019-06-27 10:46:19,256 [main] INFO  A4 - A4 post发送的数据={"sign":"jme8tacr7iURWqmG1rQyfW326pwDG0fqIZl0Aysx9pS%2BvoXjCqsJe6n42I6JIrWOKJZkzfCmEJwC%0D%0A3WxMQjJ7MJoUBKZKb1Q4L97uZdXseVyLivxA5YMaqvqjUbj00MwXupU%2Bzt%2BunTcljA2bBM1qNIs4%0D%0AgeDniAKOTVdei%2FYECqfX6rEUkj36Rew05al3sZh0lJKjiNf4%2FvYLUU5BjMQKL6vqj8xYcgM1QY%2Bo%0D%0AOUeFJay2pm01dmg0PU99MbDmd%2FukgsfU9vYGRSm9p4xBsS%2FjFOr0ApoHcz1%2BrxMdkP6ToK4%3D","merId":"156073891297301"}
2019-06-27 12:11:17,148 [main] INFO  A4 - jsonaStringA4={"area":"广东深圳","datetime":"2019-06-27 12:11:17","orderNo":"1561608677117","province":"广东省","phone":"18124036181","price":"10","isp":"3","notifyUrl":"http://121.201.119.75:8080/mobilepay/common/a4"}
2019-06-27 12:11:17,367 [main] INFO  A4 - A4_AESOperator_加密=jme8tacr7iURWqmG1rQyfW326pwDG0fqIZl0Aysx9pRNdJHZJMHpFjDx0spGMkxvtG2ONsuPxrZZ
FAdjV23pcNgKh8t4M8ZcMyOK1xY2faXhoj+ZAXDAdtQN7czXgHi04W51gY5VhX2Dl8tCUYudukgy
XRnTSnV7WRS01FW9nJrGZQBpxZoGmWl7mrNDxMYGp7gCtL9/EbP3GFGnMWPrDIiI5DzY7u9Xc5ns
G/n6OdVPbQYWoXilSsLs/nQuqHZZTNjo0/c24D5h4U65c96gjvjsBmdTejfeYRDE194aIm8=
2019-06-27 12:11:17,367 [main] INFO  A4 - A4 post发送的数据={"sign":"jme8tacr7iURWqmG1rQyfW326pwDG0fqIZl0Aysx9pRNdJHZJMHpFjDx0spGMkxvtG2ONsuPxrZZ%0D%0AFAdjV23pcNgKh8t4M8ZcMyOK1xY2faXhoj%2BZAXDAdtQN7czXgHi04W51gY5VhX2Dl8tCUYudukgy%0D%0AXRnTSnV7WRS01FW9nJrGZQBpxZoGmWl7mrNDxMYGp7gCtL9%2FEbP3GFGnMWPrDIiI5DzY7u9Xc5ns%0D%0AG%2Fn6OdVPbQYWoXilSsLs%2FnQuqHZZTNjo0%2Fc24D5h4U65c96gjvjsBmdTejfeYRDE194aIm8%3D","merId":"156073891297301"}
2019-06-27 12:11:20,682 [main] INFO  A4 - jsonaStringA4={"area":"广东深圳","datetime":"2019-06-27 12:11:20","orderNo":"1561608680651","province":"广东省","phone":"18124036181","price":"10","isp":"3","notifyUrl":"http://121.201.119.75:8080/mobilepay/common/a4"}
2019-06-27 12:11:20,899 [main] INFO  A4 - A4_AESOperator_加密=jme8tacr7iURWqmG1rQyfW326pwDG0fqIZl0Aysx9pRNdJHZJMHpFjDx0spGMkxvIfO4zITdP7uN
SSapIIld5DUbpey+wuqFDGQCuIJBvwc3NaawENz60Ao4sJk/gMZmHWewGUD+cj+FAR3sqHzOMjQS
gktUsaAcb/Hh20/WaI3NcK6V+N4X1sL43+hA6kJ16CimtBZTl4Sti9TaJbHNM68eTxEXsdZ7YE8d
331ZjDj0Gn61xNW0p4/Y6++Dvrg6wrf81diM25Ip4xPV4Npf7/cMkdX5RrewMZpQq291XMo=
2019-06-27 12:11:20,899 [main] INFO  A4 - A4 post发送的数据={"sign":"jme8tacr7iURWqmG1rQyfW326pwDG0fqIZl0Aysx9pRNdJHZJMHpFjDx0spGMkxvIfO4zITdP7uN%0D%0ASSapIIld5DUbpey%2BwuqFDGQCuIJBvwc3NaawENz60Ao4sJk%2FgMZmHWewGUD%2Bcj%2BFAR3sqHzOMjQS%0D%0AgktUsaAcb%2FHh20%2FWaI3NcK6V%2BN4X1sL43%2BhA6kJ16CimtBZTl4Sti9TaJbHNM68eTxEXsdZ7YE8d%0D%0A331ZjDj0Gn61xNW0p4%2FY6%2B%2BDvrg6wrf81diM25Ip4xPV4Npf7%2FcMkdX5RrewMZpQq291XMo%3D","merId":"156073891297301"}
2019-06-27 12:11:24,587 [main] INFO  A4 - jsonaStringA4={"area":"广东深圳","datetime":"2019-06-27 12:11:24","orderNo":"1561608684556","province":"广东省","phone":"18124036181","price":"10","isp":"3","notifyUrl":"http://121.201.119.75:8080/mobilepay/common/a4"}
2019-06-27 12:11:24,801 [main] INFO  A4 - A4_AESOperator_加密=jme8tacr7iURWqmG1rQyfW326pwDG0fqIZl0Aysx9pRNdJHZJMHpFjDx0spGMkxv2b1eTCc5qetP
74d/GYGwz+BOSajoh8DhBSfsZ8RlkVakymHjoOFHrdmxpIPFKumDylFQCBczEZZLGoVGzGR0HDzD
ofDmuvnoBEGglKlZf0tBXI6BtAH+w0x3/VEGMo0/4XCpbKK7kIJ03c5AfBgL4ILHRZP7fll0sSA0
4iKVDcAavVjOTRvFT/J43ftrTd069KPIfJUOqBAGRfcgPBaWzmxfDEnfP61Hg+lNLiL/aUQ=
2019-06-27 12:11:24,801 [main] INFO  A4 - A4 post发送的数据={"sign":"jme8tacr7iURWqmG1rQyfW326pwDG0fqIZl0Aysx9pRNdJHZJMHpFjDx0spGMkxv2b1eTCc5qetP%0D%0A74d%2FGYGwz%2BBOSajoh8DhBSfsZ8RlkVakymHjoOFHrdmxpIPFKumDylFQCBczEZZLGoVGzGR0HDzD%0D%0AofDmuvnoBEGglKlZf0tBXI6BtAH%2Bw0x3%2FVEGMo0%2F4XCpbKK7kIJ03c5AfBgL4ILHRZP7fll0sSA0%0D%0A4iKVDcAavVjOTRvFT%2FJ43ftrTd069KPIfJUOqBAGRfcgPBaWzmxfDEnfP61Hg%2BlNLiL%2FaUQ%3D","merId":"156073891297301"}
2019-06-27 17:02:42,039 [main] INFO  A4 - jsonaStringA4={"area":"广东深圳","datetime":"2019-06-27 17:02:42","orderNo":"1561626162003","province":"广东省","phone":"18124036181","price":"10","isp":"3","notifyUrl":"http://121.201.119.75:8080/mobilepay/common/a4"}
2019-06-27 17:02:42,271 [main] INFO  A4 - A4_AESOperator_加密=jme8tacr7iURWqmG1rQyfW326pwDG0fqIZl0Aysx9pTfGET7zylC7+fuoLikc6sRZ+oPmyyBUwG9
YxJA7yZ0yYRzq/OeLv1YMwbxKkKt96y6n1+dfusbBxTnqcoMvvsSWrugcylVtr4fMBB/EwWYUSo4
ta1FIjqKXF5Yu21RzVd1k5PstMB4dxNBwhIES3pxZpNdqHWgpq2UhnsV2i8o8nQLfD5EMNfawSJ/
3GDWcIRWIWRtS0+YXDXTleVtctR2zrEcUPHQGI7PSuplAV3zGHPp/df7RxMGVU18gZFOTNA=
2019-06-27 17:02:42,271 [main] INFO  A4 - A4 post发送的数据={"sign":"jme8tacr7iURWqmG1rQyfW326pwDG0fqIZl0Aysx9pTfGET7zylC7%2BfuoLikc6sRZ%2BoPmyyBUwG9%0D%0AYxJA7yZ0yYRzq%2FOeLv1YMwbxKkKt96y6n1%2BdfusbBxTnqcoMvvsSWrugcylVtr4fMBB%2FEwWYUSo4%0D%0Ata1FIjqKXF5Yu21RzVd1k5PstMB4dxNBwhIES3pxZpNdqHWgpq2UhnsV2i8o8nQLfD5EMNfawSJ%2F%0D%0A3GDWcIRWIWRtS0%2BYXDXTleVtctR2zrEcUPHQGI7PSuplAV3zGHPp%2Fdf7RxMGVU18gZFOTNA%3D","merId":"156073891297301"}
2019-06-27 17:02:45,146 [main] INFO  A4 - jsonaStringA4={"area":"广东深圳","datetime":"2019-06-27 17:02:45","orderNo":"1561626165112","province":"广东省","phone":"18124036181","price":"10","isp":"3","notifyUrl":"http://121.201.119.75:8080/mobilepay/common/a4"}
2019-06-27 17:02:45,385 [main] INFO  A4 - A4_AESOperator_加密=jme8tacr7iURWqmG1rQyfW326pwDG0fqIZl0Aysx9pTfGET7zylC7+fuoLikc6sRcdrOKOke3PDZ
xhUqH7RjvAXnlP/nqoJzMbHSBxPd5Jq6lYIYrAAEbJr9DjddkLCAcxNhRP76ZEYJq9F6znx39uAJ
El7JMqlRYL4mHFX1d5FSgZHVVTZN7H0oOcenirsNG7NDvRXMEAPL+F+eXIe6D5yB1heimkoSqxKw
k9v+hnPL6oOeBk6Oaf3ZbuRztEl7nUo+MX5mrK2sj09KFfFXZqVy2TcDNyoBHOPsxZDkGik=
2019-06-27 17:02:45,385 [main] INFO  A4 - A4 post发送的数据={"sign":"jme8tacr7iURWqmG1rQyfW326pwDG0fqIZl0Aysx9pTfGET7zylC7%2BfuoLikc6sRcdrOKOke3PDZ%0D%0AxhUqH7RjvAXnlP%2FnqoJzMbHSBxPd5Jq6lYIYrAAEbJr9DjddkLCAcxNhRP76ZEYJq9F6znx39uAJ%0D%0AEl7JMqlRYL4mHFX1d5FSgZHVVTZN7H0oOcenirsNG7NDvRXMEAPL%2BF%2BeXIe6D5yB1heimkoSqxKw%0D%0Ak9v%2BhnPL6oOeBk6Oaf3ZbuRztEl7nUo%2BMX5mrK2sj09KFfFXZqVy2TcDNyoBHOPsxZDkGik%3D","merId":"156073891297301"}
2019-06-27 17:03:27,327 [main] INFO  A4 - jsonaStringA4={"area":"广东深圳","datetime":"2019-06-27 17:03:27","orderNo":1561626207294,"province":"广东省","phone":"18665954447","price":"10","isp":"2","notifyUrl":"http://121.201.119.75:8080/mobilepay/common/a4"}
2019-06-27 17:03:27,559 [main] INFO  A4 - A4_AESOperator_加密=jme8tacr7iURWqmG1rQyfW326pwDG0fqIZl0Aysx9pTfGET7zylC7+fuoLikc6sR8MA+nQaslv0n
TPHgv6d4OxXXYgOaXrEAxfr6f4PV3akLVvlY9igqDYY3gaHklSJ8dIQ3UDYL64GVOXWiOm8r1hQ6
gJNkYdyPPH0luylAE/2TZXsE6k/ix1tqbTlcMBHxlksOoZ2CK6Dm6mWHfrByDuwBlQO6vspWURqv
7DyQHBsT/BkPDbYAgRHOZiDDNzPNUfR5FW+dceGAmQjoTetw4YrlbvGnzGXE24uAmF/9JEU=
2019-06-27 17:03:27,559 [main] INFO  A4 - A4 post发送的数据={"sign":"jme8tacr7iURWqmG1rQyfW326pwDG0fqIZl0Aysx9pTfGET7zylC7%2BfuoLikc6sR8MA%2BnQaslv0n%0D%0ATPHgv6d4OxXXYgOaXrEAxfr6f4PV3akLVvlY9igqDYY3gaHklSJ8dIQ3UDYL64GVOXWiOm8r1hQ6%0D%0AgJNkYdyPPH0luylAE%2F2TZXsE6k%2Fix1tqbTlcMBHxlksOoZ2CK6Dm6mWHfrByDuwBlQO6vspWURqv%0D%0A7DyQHBsT%2FBkPDbYAgRHOZiDDNzPNUfR5FW%2BdceGAmQjoTetw4YrlbvGnzGXE24uAmF%2F9JEU%3D","merId":"156073891297301"}
2019-06-27 17:03:35,769 [main] INFO  A4 - jsonaStringA4={"area":"广东深圳","datetime":"2019-06-27 17:03:35","orderNo":1561626215736,"province":"广东省","phone":"18665954447","price":"10","isp":"2","notifyUrl":"http://121.201.119.75:8080/mobilepay/common/a4"}
2019-06-27 17:03:35,999 [main] INFO  A4 - A4_AESOperator_加密=jme8tacr7iURWqmG1rQyfW326pwDG0fqIZl0Aysx9pTfGET7zylC7+fuoLikc6sR9Vvellg0GsT5
+k3/nn8g4rm4iHnYg4BAo6dmjjEwvNVviYntme9U8N1b8IO7bvoHoquvnFvmiPiUcZfbI2RNWgDK
mjkHSWtFNPQ2WndwMqDiL2+/BM/GCto8OrLY9VFuAUym3ZHzoZTa3p9Jft5GaHDoECncCDLn+rdX
gISTKUG9LAbIjrGC3RCNGICCOnq8EnesJrcafAZPamtsNFG1sHxCsSaCx4SLc84m4fSmWvM=
2019-06-27 17:03:36,000 [main] INFO  A4 - A4 post发送的数据={"sign":"jme8tacr7iURWqmG1rQyfW326pwDG0fqIZl0Aysx9pTfGET7zylC7%2BfuoLikc6sR9Vvellg0GsT5%0D%0A%2Bk3%2Fnn8g4rm4iHnYg4BAo6dmjjEwvNVviYntme9U8N1b8IO7bvoHoquvnFvmiPiUcZfbI2RNWgDK%0D%0AmjkHSWtFNPQ2WndwMqDiL2%2B%2FBM%2FGCto8OrLY9VFuAUym3ZHzoZTa3p9Jft5GaHDoECncCDLn%2BrdX%0D%0AgISTKUG9LAbIjrGC3RCNGICCOnq8EnesJrcafAZPamtsNFG1sHxCsSaCx4SLc84m4fSmWvM%3D","merId":"156073891297301"}
2019-06-27 17:03:41,963 [main] INFO  A4 - jsonaStringA4={"area":"广东深圳","datetime":"2019-06-27 17:03:41","orderNo":1561626221929,"province":"广东省","phone":"18665954447","price":"10","isp":"3","notifyUrl":"http://121.201.119.75:8080/mobilepay/common/a4"}
2019-06-27 17:03:42,204 [main] INFO  A4 - A4_AESOperator_加密=jme8tacr7iURWqmG1rQyfW326pwDG0fqIZl0Aysx9pTfGET7zylC7+fuoLikc6sRt9Evr3M1x/Yl
Swg4wFR6FuWAXAiws+AxyJk8CvqQK/VjPKf6QAiy3edE6quF5mjKDat3KanVP3kNpyyiL/pp0aT3
dKcJkhNSn4dWRWbCVZfHkvgQiVKiepBqr4iH3ssUUY+Uu75wnNSXWtq+Q8V1nxOVUQOLS6womeCH
egt9t1b3y02PW/tzcLJSwvFFW8lQa4+mYlDY9wmVOGE8BKb2jwW+NEbNoN2KEm1vE6qOV00=
2019-06-27 17:03:42,204 [main] INFO  A4 - A4 post发送的数据={"sign":"jme8tacr7iURWqmG1rQyfW326pwDG0fqIZl0Aysx9pTfGET7zylC7%2BfuoLikc6sRt9Evr3M1x%2FYl%0D%0ASwg4wFR6FuWAXAiws%2BAxyJk8CvqQK%2FVjPKf6QAiy3edE6quF5mjKDat3KanVP3kNpyyiL%2Fpp0aT3%0D%0AdKcJkhNSn4dWRWbCVZfHkvgQiVKiepBqr4iH3ssUUY%2BUu75wnNSXWtq%2BQ8V1nxOVUQOLS6womeCH%0D%0Aegt9t1b3y02PW%2FtzcLJSwvFFW8lQa4%2BmYlDY9wmVOGE8BKb2jwW%2BNEbNoN2KEm1vE6qOV00%3D","merId":"156073891297301"}
2019-06-27 17:03:45,196 [main] INFO  A4 - jsonaStringA4={"area":"广东深圳","datetime":"2019-06-27 17:03:45","orderNo":1561626225163,"province":"广东省","phone":"18665954447","price":"10","isp":"3","notifyUrl":"http://121.201.119.75:8080/mobilepay/common/a4"}
2019-06-27 17:03:45,441 [main] INFO  A4 - A4_AESOperator_加密=jme8tacr7iURWqmG1rQyfW326pwDG0fqIZl0Aysx9pTfGET7zylC7+fuoLikc6sRo2VE4EDSijoQ
EmVEnasaNWh+nVRflbAlQLRvK9/srM8PPyKPrU90jufXnWGm7j1ghnAkrWdaXSwHhoVRPHCj6Zs7
u0NPJ/MqonZORmYr/Q7CuWxs/IJGC0z6dZNgJLqqq/GcIwvLnAsBXauV71ANWptoqsiLo5hauCZg
Kazf+V+N4chc7qwkhjLrBbvvHy2rr6WoeZGbQ3KxYJCD3CFFs/E4ILonI8JFn+2KKHA1jYY=
2019-06-27 17:03:45,441 [main] INFO  A4 - A4 post发送的数据={"sign":"jme8tacr7iURWqmG1rQyfW326pwDG0fqIZl0Aysx9pTfGET7zylC7%2BfuoLikc6sRo2VE4EDSijoQ%0D%0AEmVEnasaNWh%2BnVRflbAlQLRvK9%2FsrM8PPyKPrU90jufXnWGm7j1ghnAkrWdaXSwHhoVRPHCj6Zs7%0D%0Au0NPJ%2FMqonZORmYr%2FQ7CuWxs%2FIJGC0z6dZNgJLqqq%2FGcIwvLnAsBXauV71ANWptoqsiLo5hauCZg%0D%0AKazf%2BV%2BN4chc7qwkhjLrBbvvHy2rr6WoeZGbQ3KxYJCD3CFFs%2FE4ILonI8JFn%2B2KKHA1jYY%3D","merId":"156073891297301"}
2019-06-27 17:04:27,891 [main] INFO  A4 - jsonaStringA4={"area":"广东深圳","datetime":"2019-06-27 17:04:27","orderNo":1561626267856,"province":"广东省","phone":"18124036181","price":"10","isp":"3","notifyUrl":"http://121.201.119.75:8080/mobilepay/common/a4"}
2019-06-27 17:04:28,121 [main] INFO  A4 - A4_AESOperator_加密=jme8tacr7iURWqmG1rQyfW326pwDG0fqIZl0Aysx9pTfGET7zylC7+fuoLikc6sRa753U8uiLuZc
MDKxSI6RqhZ973QQLxM5FywoLCl34rgA7ZpTErTvacwl/KTPG1pkKwF9r9NB3LiCvZxx57SRfYX2
Uf0lv+4ee3Xb7xeuMip+UaMvNLNo/Xhw4ZPmpqZBCJjgZdob8iAov3E/TtesybcTurhqBaLixMwA
Fiox2HZnrKbrbkeYbm8tUXj1JorFoBbiQpbOBXUxfTXJaMmU3+NJvCKbPzcTX3lulEe5JEY=
2019-06-27 17:04:28,121 [main] INFO  A4 - A4 post发送的数据={"sign":"jme8tacr7iURWqmG1rQyfW326pwDG0fqIZl0Aysx9pTfGET7zylC7%2BfuoLikc6sRa753U8uiLuZc%0D%0AMDKxSI6RqhZ973QQLxM5FywoLCl34rgA7ZpTErTvacwl%2FKTPG1pkKwF9r9NB3LiCvZxx57SRfYX2%0D%0AUf0lv%2B4ee3Xb7xeuMip%2BUaMvNLNo%2FXhw4ZPmpqZBCJjgZdob8iAov3E%2FTtesybcTurhqBaLixMwA%0D%0AFiox2HZnrKbrbkeYbm8tUXj1JorFoBbiQpbOBXUxfTXJaMmU3%2BNJvCKbPzcTX3lulEe5JEY%3D","merId":"156073891297301"}
2019-06-27 17:13:00,647 [main] INFO  A4 - jsonaStringA4={"area":"广东深圳","datetime":"2019-06-27 17:13:00","orderNo":1561626780613,"province":"广东省","phone":"18124036181","price":"10","isp":"3","notifyUrl":"http://121.201.119.75:8080/mobilepay/common/a4"}
2019-06-27 17:13:00,885 [main] INFO  A4 - A4_AESOperator_加密=jme8tacr7iURWqmG1rQyfW326pwDG0fqIZl0Aysx9pTfGET7zylC7+fuoLikc6sRUSxtzmooXq9g
Lg/dOFhgBQ6lyD8b9VqpL/IBI/x0aBxKo+w7RR4iYje6CGUWZsC8qFzecsLqxxXApBs58JOiweAY
q8SP2sLFabBcowwk18gPpXx9hf2yJQaa7KIOYlkti7iDQloL9aNXPhTHy4S2lMgQJ2NfeHO0UvmY
nRMuqg+qBGYOqIiifepFEZ1pPfatOxdfO1yhBzFcWyxc5a/UHkbXuh6HIL9cxmSzv3+tzCE=
2019-06-27 17:13:00,886 [main] INFO  A4 - A4 post发送的数据={"sign":"jme8tacr7iURWqmG1rQyfW326pwDG0fqIZl0Aysx9pTfGET7zylC7%2BfuoLikc6sRUSxtzmooXq9g%0D%0ALg%2FdOFhgBQ6lyD8b9VqpL%2FIBI%2Fx0aBxKo%2Bw7RR4iYje6CGUWZsC8qFzecsLqxxXApBs58JOiweAY%0D%0Aq8SP2sLFabBcowwk18gPpXx9hf2yJQaa7KIOYlkti7iDQloL9aNXPhTHy4S2lMgQJ2NfeHO0UvmY%0D%0AnRMuqg%2BqBGYOqIiifepFEZ1pPfatOxdfO1yhBzFcWyxc5a%2FUHkbXuh6HIL9cxmSzv3%2BtzCE%3D","merId":"156073891297301"}
2019-06-27 17:13:27,483 [main] INFO  A4 - jsonaStringA4={"area":"广东深圳","datetime":"2019-06-27 17:13:27","orderNo":1561626807450,"province":"广东省","phone":"18124036181","price":"10","isp":"3","notifyUrl":"http://121.201.119.75:8080/mobilepay/common/a4"}
2019-06-27 17:13:27,718 [main] INFO  A4 - A4_AESOperator_加密=jme8tacr7iURWqmG1rQyfW326pwDG0fqIZl0Aysx9pTfGET7zylC7+fuoLikc6sRDBWjPSM4Zbrb
AhMZM8gDTdxL+csotJEcLVy8zJ+hoSSEPCcsb1Qa4So6e0pZsZvg3BVSZ20fjAB+vHSoWAHdqmB8
q9yYXhmTpAH2oWmpuj7QPzdpmSoBnz4qmE39T+y8FFN01YY6jL6ehgfodVbifuDQ2IYoIyPIxHk1
Dq/rrWaP0w/UXpu/YX2OZWV/D10mVzojZoiP7gw73AFy4XhNq4yB2biReDv6qCAjnc6NO8k=
2019-06-27 17:13:27,718 [main] INFO  A4 - A4 post发送的数据={"sign":"jme8tacr7iURWqmG1rQyfW326pwDG0fqIZl0Aysx9pTfGET7zylC7%2BfuoLikc6sRDBWjPSM4Zbrb%0D%0AAhMZM8gDTdxL%2BcsotJEcLVy8zJ%2BhoSSEPCcsb1Qa4So6e0pZsZvg3BVSZ20fjAB%2BvHSoWAHdqmB8%0D%0Aq9yYXhmTpAH2oWmpuj7QPzdpmSoBnz4qmE39T%2By8FFN01YY6jL6ehgfodVbifuDQ2IYoIyPIxHk1%0D%0ADq%2FrrWaP0w%2FUXpu%2FYX2OZWV%2FD10mVzojZoiP7gw73AFy4XhNq4yB2biReDv6qCAjnc6NO8k%3D","merId":"156073891297301"}
2019-06-27 17:14:01,951 [main] INFO  A4 - jsonaStringA4={"area":"广东深圳","datetime":"2019-06-27 17:14:01","orderNo":1561626841914,"province":"广东省","phone":"18124036181","price":"10","isp":"2","notifyUrl":"http://121.201.119.75:8080/mobilepay/common/a4"}
2019-06-27 17:14:02,185 [main] INFO  A4 - A4_AESOperator_加密=jme8tacr7iURWqmG1rQyfW326pwDG0fqIZl0Aysx9pTfGET7zylC7+fuoLikc6sRtviTd9BnZx+q
veqR5sRebCP3v6f16Vi6xkMjApzItYaxvqwTJWQNSgw5Hg0ltsFY6fTI6a8pE0RN+/R9zU7w1Vf+
Yus/dO+O+NcHqic/YBwXJepJejT7f5y0pCwmkjAlNnqI39JBR+aVBKbyloLvlDPDPS6bXRuKL5V0
A7FvhgF8ZbRZrPumN3OA+Oo1bbAcVlu5wAxJYe4XKLlXSiLv2RZcT6z59xHiCo35KklW2Lc=
2019-06-27 17:14:02,185 [main] INFO  A4 - A4 post发送的数据={"sign":"jme8tacr7iURWqmG1rQyfW326pwDG0fqIZl0Aysx9pTfGET7zylC7%2BfuoLikc6sRtviTd9BnZx%2Bq%0D%0AveqR5sRebCP3v6f16Vi6xkMjApzItYaxvqwTJWQNSgw5Hg0ltsFY6fTI6a8pE0RN%2B%2FR9zU7w1Vf%2B%0D%0AYus%2FdO%2BO%2BNcHqic%2FYBwXJepJejT7f5y0pCwmkjAlNnqI39JBR%2BaVBKbyloLvlDPDPS6bXRuKL5V0%0D%0AA7FvhgF8ZbRZrPumN3OA%2BOo1bbAcVlu5wAxJYe4XKLlXSiLv2RZcT6z59xHiCo35KklW2Lc%3D","merId":"156073891297301"}
2019-06-27 17:14:42,026 [main] INFO  A4 - jsonaStringA4={"area":"山西运城","datetime":"2019-06-27 17:14:41","orderNo":1561626881993,"province":"山西省","phone":"18735662247","price":"10","isp":"1","notifyUrl":"http://121.201.119.75:8080/mobilepay/common/a4"}
2019-06-27 17:14:42,251 [main] INFO  A4 - A4_AESOperator_加密=qCEZB88ALTARad2EUQGOh52n2TZFtcHqaGpNL087JoOrVY3c5XOqrpbZQec/lxlYXxQJ6TgAqDld
Uq5BFsUVu/zOLmdNi6Vg9dsZOZxjocIhYfUyCNTTvSD8ejQkEhwpKP09QDkATmHIfqL9I5notH/C
w1Sdq7ke/ZpikuLm6oZx9kE4xw18uS7WUpHfG/y4YsSTFa3T33q/YyymwhmL8nDjkawd0+rLqoiY
q0d43ttg+hncrlmB5mNOMA+NeJNllqoo04N5f9TAHwUHHfEehHxWwUWO1Elx8hlOK0HJ8iY=
2019-06-27 17:14:42,252 [main] INFO  A4 - A4 post发送的数据={"sign":"qCEZB88ALTARad2EUQGOh52n2TZFtcHqaGpNL087JoOrVY3c5XOqrpbZQec%2FlxlYXxQJ6TgAqDld%0D%0AUq5BFsUVu%2FzOLmdNi6Vg9dsZOZxjocIhYfUyCNTTvSD8ejQkEhwpKP09QDkATmHIfqL9I5notH%2FC%0D%0Aw1Sdq7ke%2FZpikuLm6oZx9kE4xw18uS7WUpHfG%2Fy4YsSTFa3T33q%2FYyymwhmL8nDjkawd0%2BrLqoiY%0D%0Aq0d43ttg%2BhncrlmB5mNOMA%2BNeJNllqoo04N5f9TAHwUHHfEehHxWwUWO1Elx8hlOK0HJ8iY%3D","merId":"156073891297301"}
2019-06-27 18:00:46,761 [main] INFO  A4 - jsonaStringA4={"area":"广东深圳","datetime":"2019-06-27 18:00:46","orderNo":1561629646728,"province":"广东省","phone":"18665954447","price":"300","isp":"2","notifyUrl":"http://121.201.119.75:8080/mobilepay/common/a4"}
2019-06-27 18:00:46,990 [main] INFO  A4 - A4_AESOperator_加密=jme8tacr7iURWqmG1rQyfW326pwDG0fqIZl0Aysx9pQ8fgAtrPdHt9RdLSF36RE8gfuAaZID+inp
/Wea3PYjvhrWcHXaU/kE2ds46cwbtvdVXCsbwjCKmLYWpu89Y+I6gLkKBLtiFxsjjvrJN6QOu5AJ
C0kPM6w95ySA+BSsIx90UhjHQDTUtWBk+3UHCcpXOh9djtSBunp0Ttzusjeb89HRq6fEE0Zl7QxN
5aby29s8MFwiw0HPpvfwLLZLGTUctDT1r09mTRmRscrOW0IsvR6d8L3ffG+G3SRRj1ia+M4=
2019-06-27 18:00:46,991 [main] INFO  A4 - A4 post发送的数据={"sign":"jme8tacr7iURWqmG1rQyfW326pwDG0fqIZl0Aysx9pQ8fgAtrPdHt9RdLSF36RE8gfuAaZID%2Binp%0D%0A%2FWea3PYjvhrWcHXaU%2FkE2ds46cwbtvdVXCsbwjCKmLYWpu89Y%2BI6gLkKBLtiFxsjjvrJN6QOu5AJ%0D%0AC0kPM6w95ySA%2BBSsIx90UhjHQDTUtWBk%2B3UHCcpXOh9djtSBunp0Ttzusjeb89HRq6fEE0Zl7QxN%0D%0A5aby29s8MFwiw0HPpvfwLLZLGTUctDT1r09mTRmRscrOW0IsvR6d8L3ffG%2BG3SRRj1ia%2BM4%3D","merId":"156073891297301"}
2019-06-27 18:01:50,953 [main] INFO  A4 - jsonaStringA4={"area":"广东深圳","datetime":"2019-06-27 18:01:50","orderNo":1561629710921,"province":"广东省","phone":"18665954447","price":"300","isp":"2","notifyUrl":"http://121.201.119.75:8080/mobilepay/common/a4"}
2019-06-27 18:01:51,180 [main] INFO  A4 - A4_AESOperator_加密=jme8tacr7iURWqmG1rQyfW326pwDG0fqIZl0Aysx9pQ8fgAtrPdHt9RdLSF36RE8z3DmvKnwhHKO
E31jgspdbkc02OEOvPVYKov+LCfTXfCBeNLmUa6wVhZ8cfF/l+cr2VCY1wrrdZlGIyreaqnItbKN
F4wVyqp3unJh8lfZGQm8Ry7DH1jMjAumoy1HfifjOUgYjmUmjwN470t2CLU9+4LG8ctEdI0e4q/a
usS8afnEVF45pqsHp6aYRW3ybRqTqoEp3mu8e1pVjsBjChUEfa2R0PDASIUtdbACmklledw=
2019-06-27 18:01:51,181 [main] INFO  A4 - A4 post发送的数据={"sign":"jme8tacr7iURWqmG1rQyfW326pwDG0fqIZl0Aysx9pQ8fgAtrPdHt9RdLSF36RE8z3DmvKnwhHKO%0D%0AE31jgspdbkc02OEOvPVYKov%2BLCfTXfCBeNLmUa6wVhZ8cfF%2Fl%2Bcr2VCY1wrrdZlGIyreaqnItbKN%0D%0AF4wVyqp3unJh8lfZGQm8Ry7DH1jMjAumoy1HfifjOUgYjmUmjwN470t2CLU9%2B4LG8ctEdI0e4q%2Fa%0D%0AusS8afnEVF45pqsHp6aYRW3ybRqTqoEp3mu8e1pVjsBjChUEfa2R0PDASIUtdbACmklledw%3D","merId":"156073891297301"}
2019-06-27 18:06:02,025 [main] INFO  A4 - jsonaStringA4={"area":"广东深圳","datetime":"2019-06-27 18:06:01","orderNo":1561629961992,"province":"广东省","phone":"18665954447","price":"300","isp":"2","notifyUrl":"http://121.201.119.75:8080/mobilepay/common/a4"}
2019-06-27 18:06:02,258 [main] INFO  A4 - A4_AESOperator_加密=jme8tacr7iURWqmG1rQyfW326pwDG0fqIZl0Aysx9pQ8fgAtrPdHt9RdLSF36RE8iftotz5OhzCL
u9Ukt692yQ1euigQoKW9fk3EwdERFaGNmpiHRLqGMnWDSov/LwMeLRb/swJsJPAdA9MixnX5sVvt
+4zcns8RVH9jrKR3vrhHLXNDfYDr+6TcxwrpZKYonXr4vITLe+beKNga/h6QMIQZxU/078GiMFAx
IlhBL1vKc/DhqWaKFWxSNWBTH3hQckIEBgoZQrBIw/OXGkj8pBjlaP0Cd3coyCul95urm9o=
2019-06-27 18:06:02,258 [main] INFO  A4 - A4 post发送的数据={"sign":"jme8tacr7iURWqmG1rQyfW326pwDG0fqIZl0Aysx9pQ8fgAtrPdHt9RdLSF36RE8iftotz5OhzCL%0D%0Au9Ukt692yQ1euigQoKW9fk3EwdERFaGNmpiHRLqGMnWDSov%2FLwMeLRb%2FswJsJPAdA9MixnX5sVvt%0D%0A%2B4zcns8RVH9jrKR3vrhHLXNDfYDr%2B6TcxwrpZKYonXr4vITLe%2BbeKNga%2Fh6QMIQZxU%2F078GiMFAx%0D%0AIlhBL1vKc%2FDhqWaKFWxSNWBTH3hQckIEBgoZQrBIw%2FOXGkj8pBjlaP0Cd3coyCul95urm9o%3D","merId":"156073891297301"}
2019-06-27 18:06:40,962 [main] INFO  A4 - jsonaStringA4={"area":"广东深圳","datetime":"2019-06-27 18:06:40","orderNo":"1561630000929","province":"广东省","phone":"18665954447","price":"300","isp":"2","notifyUrl":"http://121.201.119.75:8080/mobilepay/common/a4"}
2019-06-27 18:06:41,193 [main] INFO  A4 - A4_AESOperator_加密=jme8tacr7iURWqmG1rQyfW326pwDG0fqIZl0Aysx9pQ8fgAtrPdHt9RdLSF36RE8jrHUxMg7TT9Z
n8nHxRm+n7/k2NCHQ+5o5JVcrBzoRu3QJUTb7IYwsINQC07QTgN9kDAd5hlVp61mmoBgCRckuT0a
DX1FDlX+1Vr4G2RkqZv17VkLjV1zII3jzSgu35elvnCt6qPONlrqQQoMFjzrbJee1PlSCpEDbNYX
+fkarCMD0rzAi2HVYLFD8RORtLmLfdx9CW+6TmsPCGKE+mwIt5+F+GZzIoxvMHZ7LyDEAjk=
2019-06-27 18:06:41,193 [main] INFO  A4 - A4 post发送的数据={"sign":"jme8tacr7iURWqmG1rQyfW326pwDG0fqIZl0Aysx9pQ8fgAtrPdHt9RdLSF36RE8jrHUxMg7TT9Z%0D%0An8nHxRm%2Bn7%2Fk2NCHQ%2B5o5JVcrBzoRu3QJUTb7IYwsINQC07QTgN9kDAd5hlVp61mmoBgCRckuT0a%0D%0ADX1FDlX%2B1Vr4G2RkqZv17VkLjV1zII3jzSgu35elvnCt6qPONlrqQQoMFjzrbJee1PlSCpEDbNYX%0D%0A%2BfkarCMD0rzAi2HVYLFD8RORtLmLfdx9CW%2B6TmsPCGKE%2BmwIt5%2BF%2BGZzIoxvMHZ7LyDEAjk%3D","merId":"156073891297301"}
